[Info  - 12:52:52 pm] (379051) Pylance language server 2022.10.40 (pyright 24992a73) starting
[Info  - 12:52:52 pm] (379051) Server root directory: /root/.vscode/extensions/ms-python.vscode-pylance-2022.10.40/dist
[Info  - 12:52:52 pm] (379051) Starting service instance "apiDiscovery"
[Info  - 12:52:52 pm] (379051) Notebook support: LSP
[Info  - 12:52:52 pm] (379051) Interactive window support: LSP
[Info  - 12:52:53 pm] (379051) No configuration file found.
[Info  - 12:52:53 pm] (379051) No pyproject.toml file found.
[Info  - 12:52:53 pm] (379051) Setting pythonPath for service "apiDiscovery": "/bin/python"
[Warn  - 12:52:53 pm] (379051) stubPath /root/apiDiscovery/typings is not a valid directory.
[Info  - 12:52:53 pm] (379051) Assuming Python version 3.10
[Info  - 12:52:53 pm] (379051) Assuming Python platform Linux
[Info  - 12:52:53 pm] (379051) Searching for source files
[Info  - 12:52:53 pm] (379051) Found 4 source files
[Info  - 12:52:54 pm] (379051) Background analysis(1) root directory: /root/.vscode/extensions/ms-python.vscode-pylance-2022.10.40/dist
[Info  - 12:52:54 pm] (379051) Background analysis(1) started
[Info  - 12:52:55 pm] (379051) Indexer background runner(2) root directory: /root/.vscode/extensions/ms-python.vscode-pylance-2022.10.40/dist (index)
[Info  - 12:52:55 pm] (379051) Indexing(2) started
[Info  - 12:53:05 pm] (379051) [IDX(2)] Long operation: index execution environment /root/apiDiscovery (8183ms)
[Info  - 12:53:05 pm] (379051) [IDX(2)] Long operation: index libraries /root/apiDiscovery (10500ms)
[Info  - 12:53:05 pm] (379051) Indexer done(2). indexed 731 files
[Info  - 12:53:27 pm] (379051) Searching for source files
[Info  - 12:53:27 pm] (379051) Found 4 source files
[Info  - 12:55:20 pm] (379051) Searching for source files
[Info  - 12:55:20 pm] (379051) Found 4 source files
[Info  - 12:55:38 pm] (379051) Searching for source files
[Info  - 12:55:38 pm] (379051) Found 5 source files
[Info  - 1:00:06 pm] (379051) Searching for source files
[Info  - 1:00:06 pm] (379051) Found 6 source files
[Info  - 1:00:28 pm] (379051) Searching for source files
[Info  - 1:00:28 pm] (379051) Found 7 source files
[Info  - 1:00:48 pm] (379051) Searching for source files
[Info  - 1:00:49 pm] (379051) Found 8 source files
[Info  - 1:01:10 pm] (379051) Searching for source files
[Info  - 1:01:11 pm] (379051) Found 9 source files
[Info  - 1:20:53 pm] (379051) Searching for source files
[Info  - 1:20:53 pm] (379051) Found 9 source files
[Info  - 1:20:59 pm] (379051) Searching for source files
[Info  - 1:20:59 pm] (379051) Found 9 source files
[Info  - 4:40:59 pm] (379051) Searching for source files
[Info  - 4:40:59 pm] (379051) Found 9 source files
[Info  - 4:41:13 pm] (379051) Searching for source files
[Info  - 4:41:13 pm] (379051) Found 9 source files
