[Info] /root/.ssh/config: ENOENT: no such file or directory, open '/root/.ssh/config'
[Info] TemporaryState> Error in initialization: Unable to delete nonexistent file 'vscode-userdata:/root/apiDiscovery/toolsOutput/User/globalStorage/github.vscode-pull-request-github/temp'
[Info] Registering git provider
[Info] Looking for git repository
[Info] Found 3 repositories during activation
[Info] Git repository found, initializing review manager and pr tree view.
[Info] Review> Validate state in progress
[Info] Review> Validating state...
[Info] Review> Validate state in progress
[Info] Review> Validating state...
[Info] Review> Validate state in progress
[Info] Review> Validating state...
[Info] Found GitHub remote
[Info] Found GitHub remote
[Info] Found GitHub remote
[Info] Review> no matching pull request metadata found for current branch master
[Info] Review> no matching pull request metadata found on GitHub for current branch master
[Info] PullRequestTree> Removing PR #undefined from tree
[Info] Review> no matching pull request metadata found for current branch master
[Info] Review> no matching pull request metadata found on GitHub for current branch master
[Info] PullRequestTree> Removing PR #undefined from tree
[Info] Review> no matching pull request metadata found for current branch master
[Info] Review> no matching pull request metadata found on GitHub for current branch master
[Info] PullRequestTree> Removing PR #undefined from tree
[Info] Error signing in to GitHub: Error: Cancelled
[Info] Error: Cancelled
	at t.GitHubServer.login (/usr/share/code/resources/app/extensions/github-authentication/dist/extension.js:1:711981)
	at process.processTicksAndRejections (node:internal/process/task_queues:96:5)
	at async t.GitHubAuthenticationProvider.createSession (/usr/share/code/resources/app/extensions/github-authentication/dist/extension.js:1:706997)
[Info] Error signing in to GitHub: Error: Cancelled
[Info] Error: Cancelled
	at t.GitHubServer.login (/usr/share/code/resources/app/extensions/github-authentication/dist/extension.js:1:711981)
	at process.processTicksAndRejections (node:internal/process/task_queues:96:5)
	at async t.GitHubAuthenticationProvider.createSession (/usr/share/code/resources/app/extensions/github-authentication/dist/extension.js:1:706997)
[Info] Error signing in to GitHub: Error: Cancelled
[Info] Error: Cancelled
	at t.GitHubServer.login (/usr/share/code/resources/app/extensions/github-authentication/dist/extension.js:1:711981)
	at process.processTicksAndRejections (node:internal/process/task_queues:96:5)
	at async t.GitHubAuthenticationProvider.createSession (/usr/share/code/resources/app/extensions/github-authentication/dist/extension.js:1:706997)
[Info] Found GitHub remote
[Info] Found GitHub remote
[Info] Found GitHub remote
[Info] Review> Queuing additional validate state
[Info] Review> Queuing additional validate state
[Info] Review> Queuing additional validate state
[Info] Review> Validating state...
[Info] Review> Validating state...
[Info] Review> Validating state...
[Info] Found GitHub remote
[Info] Found GitHub remote
[Info] Found GitHub remote
[Info] Found GitHub remote
[Info] Found GitHub remote
[Info] Found GitHub remote
[Info] Review> no matching pull request metadata found for current branch master
[Info] Review> no matching pull request metadata found for current branch master
[Info] Review> no matching pull request metadata found for current branch master
[Info] Review> no matching pull request metadata found on GitHub for current branch master
[Info] PullRequestTree> Removing PR #undefined from tree
[Info] Review> no matching pull request metadata found on GitHub for current branch master
[Info] PullRequestTree> Removing PR #undefined from tree
[Info] Review> no matching pull request metadata found on GitHub for current branch master
[Info] PullRequestTree> Removing PR #undefined from tree
[Info] PullRequestTree> Removing PR #undefined from tree
